<?xml version="1.0" encoding="UTF-8"?>
<testng-results ignored="0" total="3" passed="3" failed="0" skipped="0">
  <reporter-output>
  </reporter-output>
  <suite started-at="2021-01-21T14:59:09 IST" name="Default suite" finished-at="2021-01-21T15:00:11 IST" duration-ms="62004">
    <groups>
    </groups>
    <test started-at="2021-01-21T14:59:09 IST" name="Default test" finished-at="2021-01-21T15:00:11 IST" duration-ms="62004">
      <class name="Cases.ExcelData">
        <test-method is-config="true" signature="setupTest()[pri:0, instance:Cases.ExcelData@3059cbc]" started-at="2021-01-21T14:59:09 IST" name="setupTest" finished-at="2021-01-21T14:59:16 IST" duration-ms="6611" status="PASS">
          <reporter-output>
          </reporter-output>
        </test-method> <!-- setupTest -->
        <test-method signature="test1(java.lang.String, java.lang.String)[pri:0, instance:Cases.ExcelData@3059cbc]" started-at="2021-01-21T14:59:19 IST" name="test1" data-provider="test1data" finished-at="2021-01-21T14:59:41 IST" duration-ms="22413" status="PASS">
          <params>
            <param index="0">
              <value>
                <![CDATA[admin@gmail.com]]>
              </value>
            </param>
            <param index="1">
              <value>
                <![CDATA[admin]]>
              </value>
            </param>
          </params>
          <reporter-output>
          </reporter-output>
        </test-method> <!-- test1 -->
        <test-method signature="test1(java.lang.String, java.lang.String)[pri:0, instance:Cases.ExcelData@3059cbc]" started-at="2021-01-21T14:59:42 IST" name="test1" data-provider="test1data" finished-at="2021-01-21T14:59:55 IST" duration-ms="13261" status="PASS">
          <params>
            <param index="0">
              <value>
                <![CDATA[admin]]>
              </value>
            </param>
            <param index="1">
              <value>
                <![CDATA[admin123]]>
              </value>
            </param>
          </params>
          <reporter-output>
          </reporter-output>
        </test-method> <!-- test1 -->
        <test-method signature="test1(java.lang.String, java.lang.String)[pri:0, instance:Cases.ExcelData@3059cbc]" started-at="2021-01-21T14:59:55 IST" name="test1" data-provider="test1data" finished-at="2021-01-21T15:00:11 IST" duration-ms="16308" status="PASS">
          <params>
            <param index="0">
              <value>
                <![CDATA[mdhande]]>
              </value>
            </param>
            <param index="1">
              <value>
                <![CDATA[project12345@]]>
              </value>
            </param>
          </params>
          <reporter-output>
          </reporter-output>
        </test-method> <!-- test1 -->
        <test-method is-config="true" signature="downuptest()[pri:0, instance:Cases.ExcelData@3059cbc]" started-at="2021-01-21T15:00:11 IST" name="downuptest" finished-at="2021-01-21T15:00:11 IST" duration-ms="1" status="PASS">
          <reporter-output>
          </reporter-output>
        </test-method> <!-- downuptest -->
      </class> <!-- Cases.ExcelData -->
    </test> <!-- Default test -->
  </suite> <!-- Default suite -->
</testng-results>
